mode: set
motadatagosdk/core/l2cache/dragonfly/cache.go:78.42,80.27 2 1
motadatagosdk/core/l2cache/dragonfly/cache.go:80.27,81.17 1 1
motadatagosdk/core/l2cache/dragonfly/cache.go:81.17,83.4 1 1
motadatagosdk/core/l2cache/dragonfly/cache.go:85.2,86.39 2 1
motadatagosdk/core/l2cache/dragonfly/cache.go:86.39,88.3 1 1
motadatagosdk/core/l2cache/dragonfly/cache.go:90.2,91.16 2 1
motadatagosdk/core/l2cache/dragonfly/cache.go:91.16,93.3 1 0
motadatagosdk/core/l2cache/dragonfly/cache.go:95.2,113.83 2 1
motadatagosdk/core/l2cache/dragonfly/cache.go:113.83,115.20 2 1
motadatagosdk/core/l2cache/dragonfly/cache.go:115.20,117.4 1 1
motadatagosdk/core/l2cache/dragonfly/cache.go:118.3,118.54 1 0
motadatagosdk/core/l2cache/dragonfly/cache.go:121.2,124.25 2 1
motadatagosdk/core/l2cache/dragonfly/cache.go:124.25,128.3 1 1
motadatagosdk/core/l2cache/dragonfly/cache.go:131.2,139.15 4 1
motadatagosdk/core/l2cache/dragonfly/cache.go:145.49,146.18 1 1
motadatagosdk/core/l2cache/dragonfly/cache.go:146.18,148.3 1 1
motadatagosdk/core/l2cache/dragonfly/cache.go:149.2,149.73 1 1
motadatagosdk/core/l2cache/dragonfly/cache.go:149.73,151.3 1 1
motadatagosdk/core/l2cache/dragonfly/cache.go:158.31,159.43 1 1
motadatagosdk/core/l2cache/dragonfly/cache.go:159.43,161.3 1 1
motadatagosdk/core/l2cache/dragonfly/cache.go:163.2,163.22 1 1
motadatagosdk/core/l2cache/dragonfly/cache.go:163.22,165.3 1 1
motadatagosdk/core/l2cache/dragonfly/cache.go:166.2,166.18 1 1
motadatagosdk/core/l2cache/dragonfly/cache.go:166.18,168.3 1 0
motadatagosdk/core/l2cache/dragonfly/cache.go:169.2,169.38 1 1
motadatagosdk/core/l2cache/dragonfly/cache.go:169.38,171.38 1 0
motadatagosdk/core/l2cache/dragonfly/cache.go:171.38,173.4 1 0
motadatagosdk/core/l2cache/dragonfly/cache.go:174.3,174.51 1 0
motadatagosdk/core/l2cache/dragonfly/cache.go:176.2,176.12 1 1
motadatagosdk/core/l2cache/dragonfly/cache.go:181.33,183.2 1 1
motadatagosdk/core/l2cache/dragonfly/cache.go:193.105,211.19 11 1
motadatagosdk/core/l2cache/dragonfly/cache.go:211.19,214.3 2 1
motadatagosdk/core/l2cache/dragonfly/cache.go:214.8,216.3 1 1
motadatagosdk/core/l2cache/dragonfly/cache.go:217.2,217.15 1 1
motadatagosdk/core/l2cache/dragonfly/cache.go:225.49,227.36 2 1
motadatagosdk/core/l2cache/dragonfly/cache.go:227.36,229.3 1 1
motadatagosdk/core/l2cache/dragonfly/cache.go:230.2,230.12 1 1
motadatagosdk/core/l2cache/dragonfly/cache.go:239.111,241.18 2 1
motadatagosdk/core/l2cache/dragonfly/cache.go:241.18,243.3 1 1
motadatagosdk/core/l2cache/dragonfly/cache.go:244.2,244.70 1 1
motadatagosdk/core/l2cache/dragonfly/cache.go:244.70,246.17 2 1
motadatagosdk/core/l2cache/dragonfly/cache.go:246.17,248.4 1 1
motadatagosdk/core/l2cache/dragonfly/cache.go:249.3,250.13 2 1
motadatagosdk/core/l2cache/dragonfly/cache.go:252.2,252.17 1 1
motadatagosdk/core/l2cache/dragonfly/circuit_classify.go:40.34,41.16 1 1
motadatagosdk/core/l2cache/dragonfly/circuit_classify.go:41.16,43.3 1 1
motadatagosdk/core/l2cache/dragonfly/circuit_classify.go:44.2,44.9 1 1
motadatagosdk/core/l2cache/dragonfly/circuit_classify.go:55.37,56.15 1 1
motadatagosdk/core/l2cache/dragonfly/circuit_classify.go:63.33,64.14 1 1
motadatagosdk/core/l2cache/dragonfly/circuit_classify.go:65.10,68.14 1 1
motadatagosdk/core/l2cache/dragonfly/circuit_classify.go:88.94,90.15 2 1
motadatagosdk/core/l2cache/dragonfly/circuit_classify.go:90.15,92.3 1 1
motadatagosdk/core/l2cache/dragonfly/circuit_classify.go:93.2,95.45 3 1
motadatagosdk/core/l2cache/dragonfly/circuit_classify.go:95.45,97.20 2 1
motadatagosdk/core/l2cache/dragonfly/circuit_classify.go:97.20,99.4 1 1
motadatagosdk/core/l2cache/dragonfly/circuit_classify.go:100.3,101.26 2 1
motadatagosdk/core/l2cache/dragonfly/circuit_classify.go:101.26,103.4 1 1
motadatagosdk/core/l2cache/dragonfly/circuit_classify.go:104.3,104.18 1 1
motadatagosdk/core/l2cache/dragonfly/circuit_classify.go:106.2,107.21 2 1
motadatagosdk/core/l2cache/dragonfly/circuit_classify.go:107.21,112.3 1 0
motadatagosdk/core/l2cache/dragonfly/circuit_classify.go:113.2,113.60 1 1
motadatagosdk/core/l2cache/dragonfly/circuit_classify.go:113.60,115.3 1 0
motadatagosdk/core/l2cache/dragonfly/circuit_classify.go:116.2,116.15 1 1
motadatagosdk/core/l2cache/dragonfly/circuit_classify.go:122.48,123.11 1 1
motadatagosdk/core/l2cache/dragonfly/circuit_classify.go:124.34,125.18 1 1
motadatagosdk/core/l2cache/dragonfly/circuit_classify.go:126.36,127.21 1 1
motadatagosdk/core/l2cache/dragonfly/circuit_classify.go:128.32,129.16 1 1
motadatagosdk/core/l2cache/dragonfly/circuit_classify.go:130.10,131.19 1 1
motadatagosdk/core/l2cache/dragonfly/config.go:101.34,102.24 1 1
motadatagosdk/core/l2cache/dragonfly/config.go:102.24,104.3 1 1
motadatagosdk/core/l2cache/dragonfly/config.go:105.2,105.24 1 1
motadatagosdk/core/l2cache/dragonfly/config.go:105.24,107.3 1 1
motadatagosdk/core/l2cache/dragonfly/config.go:108.2,108.25 1 1
motadatagosdk/core/l2cache/dragonfly/config.go:108.25,110.3 1 1
motadatagosdk/core/l2cache/dragonfly/config.go:111.2,111.21 1 1
motadatagosdk/core/l2cache/dragonfly/config.go:111.21,113.3 1 1
motadatagosdk/core/l2cache/dragonfly/config.go:114.2,114.24 1 1
motadatagosdk/core/l2cache/dragonfly/config.go:114.24,116.3 1 1
motadatagosdk/core/l2cache/dragonfly/config.go:117.2,117.28 1 1
motadatagosdk/core/l2cache/dragonfly/config.go:117.28,119.3 1 1
motadatagosdk/core/l2cache/dragonfly/config.go:120.2,120.30 1 1
motadatagosdk/core/l2cache/dragonfly/config.go:120.30,122.3 1 1
motadatagosdk/core/l2cache/dragonfly/config.go:123.2,123.21 1 1
motadatagosdk/core/l2cache/dragonfly/config.go:123.21,125.3 1 1
motadatagosdk/core/l2cache/dragonfly/config.go:126.2,126.43 1 1
motadatagosdk/core/l2cache/dragonfly/config.go:126.43,128.3 1 1
motadatagosdk/core/l2cache/dragonfly/config.go:134.35,135.18 1 1
motadatagosdk/core/l2cache/dragonfly/config.go:135.18,137.3 1 1
motadatagosdk/core/l2cache/dragonfly/config.go:138.2,138.65 1 1
motadatagosdk/core/l2cache/dragonfly/config.go:138.65,140.3 1 1
motadatagosdk/core/l2cache/dragonfly/config.go:141.2,141.76 1 1
motadatagosdk/core/l2cache/dragonfly/config.go:141.76,144.3 1 1
motadatagosdk/core/l2cache/dragonfly/config.go:145.2,145.48 1 1
motadatagosdk/core/l2cache/dragonfly/config.go:145.48,148.3 1 1
motadatagosdk/core/l2cache/dragonfly/config.go:149.2,149.59 1 1
motadatagosdk/core/l2cache/dragonfly/config.go:149.59,151.3 1 1
motadatagosdk/core/l2cache/dragonfly/config.go:152.2,152.47 1 1
motadatagosdk/core/l2cache/dragonfly/config.go:152.47,154.3 1 1
motadatagosdk/core/l2cache/dragonfly/config.go:155.2,155.12 1 1
motadatagosdk/core/l2cache/dragonfly/config.go:161.57,162.18 1 1
motadatagosdk/core/l2cache/dragonfly/config.go:162.18,164.3 1 1
motadatagosdk/core/l2cache/dragonfly/config.go:165.2,172.25 3 1
motadatagosdk/core/l2cache/dragonfly/config.go:172.25,174.3 1 0
motadatagosdk/core/l2cache/dragonfly/config.go:176.2,176.41 1 1
motadatagosdk/core/l2cache/dragonfly/config.go:176.41,178.17 2 0
motadatagosdk/core/l2cache/dragonfly/config.go:178.17,180.4 1 0
motadatagosdk/core/l2cache/dragonfly/config.go:181.3,181.45 1 0
motadatagosdk/core/l2cache/dragonfly/config.go:184.2,184.20 1 1
motadatagosdk/core/l2cache/dragonfly/config.go:184.20,186.17 2 1
motadatagosdk/core/l2cache/dragonfly/config.go:186.17,188.4 1 1
motadatagosdk/core/l2cache/dragonfly/config.go:189.3,190.17 2 1
motadatagosdk/core/l2cache/dragonfly/config.go:190.17,192.4 1 1
motadatagosdk/core/l2cache/dragonfly/config.go:193.3,193.21 1 0
motadatagosdk/core/l2cache/dragonfly/config.go:196.2,196.17 1 0
motadatagosdk/core/l2cache/dragonfly/errors.go:116.30,117.16 1 1
motadatagosdk/core/l2cache/dragonfly/errors.go:117.16,119.3 1 1
motadatagosdk/core/l2cache/dragonfly/errors.go:122.2,122.64 1 1
motadatagosdk/core/l2cache/dragonfly/errors.go:122.64,124.3 1 0
motadatagosdk/core/l2cache/dragonfly/errors.go:127.2,135.33 1 1
motadatagosdk/core/l2cache/dragonfly/errors.go:135.33,137.3 1 0
motadatagosdk/core/l2cache/dragonfly/errors.go:139.2,139.9 1 1
motadatagosdk/core/l2cache/dragonfly/errors.go:140.33,141.43 1 1
motadatagosdk/core/l2cache/dragonfly/errors.go:142.40,143.48 1 1
motadatagosdk/core/l2cache/dragonfly/errors.go:144.48,145.47 1 1
motadatagosdk/core/l2cache/dragonfly/errors.go:146.41,147.50 1 1
motadatagosdk/core/l2cache/dragonfly/errors.go:148.39,149.50 1 1
motadatagosdk/core/l2cache/dragonfly/errors.go:153.2,154.41 2 1
motadatagosdk/core/l2cache/dragonfly/errors.go:154.41,156.3 1 1
motadatagosdk/core/l2cache/dragonfly/errors.go:159.2,160.28 2 1
motadatagosdk/core/l2cache/dragonfly/errors.go:160.28,162.3 1 0
motadatagosdk/core/l2cache/dragonfly/errors.go:163.2,164.30 2 1
motadatagosdk/core/l2cache/dragonfly/errors.go:164.30,166.3 1 0
motadatagosdk/core/l2cache/dragonfly/errors.go:167.2,168.30 2 1
motadatagosdk/core/l2cache/dragonfly/errors.go:168.30,170.3 1 0
motadatagosdk/core/l2cache/dragonfly/errors.go:172.2,173.69 2 1
motadatagosdk/core/l2cache/dragonfly/errors.go:173.69,175.3 1 1
motadatagosdk/core/l2cache/dragonfly/errors.go:178.2,178.9 1 1
motadatagosdk/core/l2cache/dragonfly/errors.go:179.77,180.44 1 1
motadatagosdk/core/l2cache/dragonfly/errors.go:181.40,182.46 1 1
motadatagosdk/core/l2cache/dragonfly/errors.go:183.43,184.49 1 1
motadatagosdk/core/l2cache/dragonfly/errors.go:185.42,186.54 1 1
motadatagosdk/core/l2cache/dragonfly/errors.go:187.38,188.50 1 1
motadatagosdk/core/l2cache/dragonfly/errors.go:190.53,191.50 1 1
motadatagosdk/core/l2cache/dragonfly/errors.go:192.44,193.46 1 1
motadatagosdk/core/l2cache/dragonfly/errors.go:194.53,195.46 1 1
motadatagosdk/core/l2cache/dragonfly/errors.go:199.2,199.95 1 1
motadatagosdk/core/l2cache/dragonfly/errors.go:199.95,201.3 1 1
motadatagosdk/core/l2cache/dragonfly/errors.go:204.2,205.28 2 1
motadatagosdk/core/l2cache/dragonfly/errors.go:205.28,207.3 1 0
motadatagosdk/core/l2cache/dragonfly/errors.go:209.2,209.50 1 1
motadatagosdk/core/l2cache/dragonfly/errors.go:217.33,218.9 1 1
motadatagosdk/core/l2cache/dragonfly/errors.go:219.18,220.17 1 1
motadatagosdk/core/l2cache/dragonfly/errors.go:221.34,222.19 1 1
motadatagosdk/core/l2cache/dragonfly/errors.go:223.30,224.15 1 1
motadatagosdk/core/l2cache/dragonfly/errors.go:225.36,226.22 1 1
motadatagosdk/core/l2cache/dragonfly/errors.go:227.82,228.16 1 1
motadatagosdk/core/l2cache/dragonfly/errors.go:229.32,230.17 1 1
motadatagosdk/core/l2cache/dragonfly/errors.go:231.38,232.24 1 1
motadatagosdk/core/l2cache/dragonfly/errors.go:235.33,236.23 1 1
motadatagosdk/core/l2cache/dragonfly/errors.go:237.10,238.17 1 1
motadatagosdk/core/l2cache/dragonfly/hash.go:11.78,12.74 1 1
motadatagosdk/core/l2cache/dragonfly/hash.go:12.74,14.3 1 1
motadatagosdk/core/l2cache/dragonfly/hash.go:21.85,22.73 1 1
motadatagosdk/core/l2cache/dragonfly/hash.go:22.73,24.3 1 1
motadatagosdk/core/l2cache/dragonfly/hash.go:30.89,31.74 1 1
motadatagosdk/core/l2cache/dragonfly/hash.go:31.74,33.3 1 1
motadatagosdk/core/l2cache/dragonfly/hash.go:39.85,40.88 1 1
motadatagosdk/core/l2cache/dragonfly/hash.go:40.88,42.3 1 1
motadatagosdk/core/l2cache/dragonfly/hash.go:48.88,49.73 1 1
motadatagosdk/core/l2cache/dragonfly/hash.go:49.73,51.3 1 1
motadatagosdk/core/l2cache/dragonfly/hash.go:56.79,57.75 1 1
motadatagosdk/core/l2cache/dragonfly/hash.go:57.75,59.3 1 1
motadatagosdk/core/l2cache/dragonfly/hash.go:65.70,66.73 1 1
motadatagosdk/core/l2cache/dragonfly/hash.go:66.73,68.3 1 1
motadatagosdk/core/l2cache/dragonfly/hash.go:74.89,75.76 1 1
motadatagosdk/core/l2cache/dragonfly/hash.go:75.76,77.3 1 1
motadatagosdk/core/l2cache/dragonfly/hash.go:91.112,92.78 1 1
motadatagosdk/core/l2cache/dragonfly/hash.go:92.78,94.3 1 1
motadatagosdk/core/l2cache/dragonfly/hash.go:99.113,100.79 1 1
motadatagosdk/core/l2cache/dragonfly/hash.go:100.79,102.3 1 1
motadatagosdk/core/l2cache/dragonfly/hash.go:107.109,108.80 1 1
motadatagosdk/core/l2cache/dragonfly/hash.go:108.80,110.3 1 1
motadatagosdk/core/l2cache/dragonfly/hash.go:118.98,119.80 1 1
motadatagosdk/core/l2cache/dragonfly/hash.go:119.80,121.3 1 1
motadatagosdk/core/l2cache/dragonfly/hash.go:122.2,122.16 1 1
motadatagosdk/core/l2cache/dragonfly/hash.go:122.16,124.3 1 1
motadatagosdk/core/l2cache/dragonfly/hash.go:125.2,125.37 1 0
motadatagosdk/core/l2cache/dragonfly/hash.go:132.54,134.24 2 1
motadatagosdk/core/l2cache/dragonfly/hash.go:134.24,135.12 1 1
motadatagosdk/core/l2cache/dragonfly/hash.go:135.12,137.4 1 1
motadatagosdk/core/l2cache/dragonfly/hash.go:137.9,139.4 1 1
motadatagosdk/core/l2cache/dragonfly/hash.go:141.2,141.12 1 1
motadatagosdk/core/l2cache/dragonfly/hash.go:147.94,148.79 1 1
motadatagosdk/core/l2cache/dragonfly/hash.go:148.79,150.3 1 1
motadatagosdk/core/l2cache/dragonfly/json.go:33.46,36.15 3 1
motadatagosdk/core/l2cache/dragonfly/json.go:36.15,38.3 1 0
motadatagosdk/core/l2cache/dragonfly/json.go:39.2,41.17 3 1
motadatagosdk/core/l2cache/dragonfly/json.go:41.17,43.3 1 1
motadatagosdk/core/l2cache/dragonfly/json.go:51.80,52.15 1 1
motadatagosdk/core/l2cache/dragonfly/json.go:52.15,54.3 1 0
motadatagosdk/core/l2cache/dragonfly/json.go:56.2,56.35 1 1
motadatagosdk/core/l2cache/dragonfly/json.go:56.35,58.3 1 0
motadatagosdk/core/l2cache/dragonfly/json.go:59.2,59.33 1 1
motadatagosdk/core/l2cache/dragonfly/json.go:59.33,61.3 1 1
motadatagosdk/core/l2cache/dragonfly/json.go:62.2,62.37 1 1
motadatagosdk/core/l2cache/dragonfly/json.go:62.37,64.21 2 1
motadatagosdk/core/l2cache/dragonfly/json.go:64.21,65.12 1 1
motadatagosdk/core/l2cache/dragonfly/json.go:67.3,68.154 2 1
motadatagosdk/core/l2cache/dragonfly/json.go:68.154,74.4 2 1
motadatagosdk/core/l2cache/dragonfly/json.go:84.43,86.2 1 1
motadatagosdk/core/l2cache/dragonfly/json.go:96.75,98.18 2 1
motadatagosdk/core/l2cache/dragonfly/json.go:98.18,100.3 1 0
motadatagosdk/core/l2cache/dragonfly/json.go:101.2,102.76 2 1
motadatagosdk/core/l2cache/dragonfly/json.go:102.76,104.15 2 1
motadatagosdk/core/l2cache/dragonfly/json.go:104.15,106.4 1 1
motadatagosdk/core/l2cache/dragonfly/json.go:107.3,108.13 2 1
motadatagosdk/core/l2cache/dragonfly/json.go:110.2,110.16 1 1
motadatagosdk/core/l2cache/dragonfly/json.go:110.16,112.3 1 1
motadatagosdk/core/l2cache/dragonfly/json.go:113.2,114.67 2 1
motadatagosdk/core/l2cache/dragonfly/json.go:114.67,116.3 1 1
motadatagosdk/core/l2cache/dragonfly/json.go:117.2,117.17 1 1
motadatagosdk/core/l2cache/dragonfly/json.go:132.96,133.18 1 1
motadatagosdk/core/l2cache/dragonfly/json.go:133.18,135.3 1 1
motadatagosdk/core/l2cache/dragonfly/json.go:136.2,138.14 3 1
motadatagosdk/core/l2cache/dragonfly/json.go:138.14,140.3 1 1
motadatagosdk/core/l2cache/dragonfly/json.go:141.2,141.76 1 1
motadatagosdk/core/l2cache/dragonfly/json.go:141.76,143.3 1 1
motadatagosdk/core/l2cache/dragonfly/json.go:153.84,156.18 3 1
motadatagosdk/core/l2cache/dragonfly/json.go:156.18,157.23 1 1
motadatagosdk/core/l2cache/dragonfly/json.go:157.23,159.4 1 1
motadatagosdk/core/l2cache/dragonfly/json.go:160.3,160.19 1 1
motadatagosdk/core/l2cache/dragonfly/json.go:162.2,162.20 1 1
motadatagosdk/core/l2cache/dragonfly/json.go:162.20,164.3 1 1
motadatagosdk/core/l2cache/dragonfly/json.go:165.2,167.77 3 1
motadatagosdk/core/l2cache/dragonfly/json.go:167.77,169.15 2 1
motadatagosdk/core/l2cache/dragonfly/json.go:169.15,171.4 1 0
motadatagosdk/core/l2cache/dragonfly/json.go:172.3,173.13 2 1
motadatagosdk/core/l2cache/dragonfly/json.go:175.2,175.16 1 1
motadatagosdk/core/l2cache/dragonfly/json.go:175.16,176.23 1 0
motadatagosdk/core/l2cache/dragonfly/json.go:176.23,178.4 1 0
motadatagosdk/core/l2cache/dragonfly/json.go:179.3,179.19 1 0
motadatagosdk/core/l2cache/dragonfly/json.go:181.2,181.25 1 1
motadatagosdk/core/l2cache/dragonfly/json.go:181.25,182.15 1 1
motadatagosdk/core/l2cache/dragonfly/json.go:182.15,184.12 2 1
motadatagosdk/core/l2cache/dragonfly/json.go:186.3,187.10 2 1
motadatagosdk/core/l2cache/dragonfly/json.go:187.10,189.12 2 0
motadatagosdk/core/l2cache/dragonfly/json.go:191.3,192.66 2 1
motadatagosdk/core/l2cache/dragonfly/json.go:192.66,194.12 2 0
motadatagosdk/core/l2cache/dragonfly/json.go:196.3,196.13 1 1
motadatagosdk/core/l2cache/dragonfly/json.go:198.2,198.18 1 1
motadatagosdk/core/l2cache/dragonfly/json.go:205.36,207.2 1 1
motadatagosdk/core/l2cache/dragonfly/keyprefix.go:15.51,16.27 1 1
motadatagosdk/core/l2cache/dragonfly/keyprefix.go:16.27,18.3 1 1
motadatagosdk/core/l2cache/dragonfly/keyprefix.go:19.2,19.30 1 1
motadatagosdk/core/l2cache/dragonfly/keyprefix.go:26.59,27.27 1 1
motadatagosdk/core/l2cache/dragonfly/keyprefix.go:27.27,29.3 1 1
motadatagosdk/core/l2cache/dragonfly/keyprefix.go:30.2,31.25 2 1
motadatagosdk/core/l2cache/dragonfly/keyprefix.go:31.25,33.3 1 1
motadatagosdk/core/l2cache/dragonfly/keyprefix.go:34.2,34.12 1 1
motadatagosdk/core/l2cache/dragonfly/metrics.go:47.36,48.24 1 1
motadatagosdk/core/l2cache/dragonfly/metrics.go:48.24,84.3 1 1
motadatagosdk/core/l2cache/dragonfly/metrics.go:85.2,85.19 1 1
motadatagosdk/core/l2cache/dragonfly/options.go:20.35,21.25 1 1
motadatagosdk/core/l2cache/dragonfly/options.go:21.25,21.42 1 1
motadatagosdk/core/l2cache/dragonfly/options.go:27.36,28.25 1 1
motadatagosdk/core/l2cache/dragonfly/options.go:28.25,28.43 1 1
motadatagosdk/core/l2cache/dragonfly/options.go:34.36,35.25 1 1
motadatagosdk/core/l2cache/dragonfly/options.go:35.25,35.43 1 1
motadatagosdk/core/l2cache/dragonfly/options.go:41.35,42.25 1 1
motadatagosdk/core/l2cache/dragonfly/options.go:42.25,42.38 1 1
motadatagosdk/core/l2cache/dragonfly/options.go:48.44,49.25 1 1
motadatagosdk/core/l2cache/dragonfly/options.go:49.25,50.19 1 1
motadatagosdk/core/l2cache/dragonfly/options.go:50.19,52.4 1 1
motadatagosdk/core/l2cache/dragonfly/options.go:53.3,53.26 1 1
motadatagosdk/core/l2cache/dragonfly/options.go:59.33,60.25 1 1
motadatagosdk/core/l2cache/dragonfly/options.go:60.25,60.43 1 1
motadatagosdk/core/l2cache/dragonfly/options.go:65.46,66.25 1 1
motadatagosdk/core/l2cache/dragonfly/options.go:66.25,66.46 1 1
motadatagosdk/core/l2cache/dragonfly/options.go:73.50,74.25 1 1
motadatagosdk/core/l2cache/dragonfly/options.go:74.25,74.50 1 1
motadatagosdk/core/l2cache/dragonfly/options.go:79.46,80.25 1 1
motadatagosdk/core/l2cache/dragonfly/options.go:80.25,80.46 1 1
motadatagosdk/core/l2cache/dragonfly/options.go:85.46,86.25 1 1
motadatagosdk/core/l2cache/dragonfly/options.go:86.25,86.46 1 1
motadatagosdk/core/l2cache/dragonfly/options.go:91.47,92.25 1 1
motadatagosdk/core/l2cache/dragonfly/options.go:92.25,92.47 1 1
motadatagosdk/core/l2cache/dragonfly/options.go:97.28,98.25 1 1
motadatagosdk/core/l2cache/dragonfly/options.go:98.25,98.38 1 1
motadatagosdk/core/l2cache/dragonfly/options.go:103.38,104.25 1 1
motadatagosdk/core/l2cache/dragonfly/options.go:104.25,104.45 1 1
motadatagosdk/core/l2cache/dragonfly/options.go:112.35,113.25 1 1
motadatagosdk/core/l2cache/dragonfly/options.go:113.25,113.45 1 1
motadatagosdk/core/l2cache/dragonfly/options.go:118.33,119.25 1 1
motadatagosdk/core/l2cache/dragonfly/options.go:119.25,119.43 1 1
motadatagosdk/core/l2cache/dragonfly/options.go:126.52,127.25 1 1
motadatagosdk/core/l2cache/dragonfly/options.go:127.25,127.52 1 1
motadatagosdk/core/l2cache/dragonfly/options.go:142.42,143.25 1 1
motadatagosdk/core/l2cache/dragonfly/options.go:143.25,143.49 1 1
motadatagosdk/core/l2cache/dragonfly/options.go:159.67,160.25 1 1
motadatagosdk/core/l2cache/dragonfly/options.go:160.25,161.16 1 1
motadatagosdk/core/l2cache/dragonfly/options.go:161.16,165.4 2 1
motadatagosdk/core/l2cache/dragonfly/options.go:166.3,166.24 1 1
motadatagosdk/core/l2cache/dragonfly/pipeline.go:19.44,20.18 1 1
motadatagosdk/core/l2cache/dragonfly/pipeline.go:20.18,22.3 1 1
motadatagosdk/core/l2cache/dragonfly/pipeline.go:23.2,23.25 1 1
motadatagosdk/core/l2cache/dragonfly/pipeline.go:30.46,31.18 1 1
motadatagosdk/core/l2cache/dragonfly/pipeline.go:31.18,33.3 1 1
motadatagosdk/core/l2cache/dragonfly/pipeline.go:34.2,34.27 1 1
motadatagosdk/core/l2cache/dragonfly/pipeline.go:45.92,46.18 1 1
motadatagosdk/core/l2cache/dragonfly/pipeline.go:46.18,48.3 1 0
motadatagosdk/core/l2cache/dragonfly/pipeline.go:52.2,53.74 2 1
motadatagosdk/core/l2cache/dragonfly/pipeline.go:53.74,54.52 1 1
motadatagosdk/core/l2cache/dragonfly/pipeline.go:54.52,55.29 1 1
motadatagosdk/core/l2cache/dragonfly/pipeline.go:55.29,60.5 2 1
motadatagosdk/core/l2cache/dragonfly/pipeline.go:61.4,61.14 1 1
motadatagosdk/core/l2cache/dragonfly/pipeline.go:64.2,64.20 1 1
motadatagosdk/core/l2cache/dragonfly/pipeline.go:64.20,68.3 1 1
motadatagosdk/core/l2cache/dragonfly/pipeline.go:69.2,69.12 1 1
motadatagosdk/core/l2cache/dragonfly/poolstats.go:29.87,36.2 1 1
motadatagosdk/core/l2cache/dragonfly/poolstats.go:40.36,41.19 1 1
motadatagosdk/core/l2cache/dragonfly/poolstats.go:41.19,43.3 1 1
motadatagosdk/core/l2cache/dragonfly/poolstats.go:48.34,56.6 6 1
motadatagosdk/core/l2cache/dragonfly/poolstats.go:56.6,57.10 1 1
motadatagosdk/core/l2cache/dragonfly/poolstats.go:58.17,59.10 1 1
motadatagosdk/core/l2cache/dragonfly/poolstats.go:60.14,62.20 2 0
motadatagosdk/core/l2cache/dragonfly/poolstats.go:62.20,63.13 1 0
motadatagosdk/core/l2cache/dragonfly/poolstats.go:65.4,70.53 6 0
motadatagosdk/core/l2cache/dragonfly/poolstats.go:78.35,79.23 1 1
motadatagosdk/core/l2cache/dragonfly/poolstats.go:79.23,79.40 1 1
motadatagosdk/core/l2cache/dragonfly/poolstats.go:80.2,80.9 1 1
motadatagosdk/core/l2cache/dragonfly/poolstats.go:81.19,81.19 0 1
motadatagosdk/core/l2cache/dragonfly/poolstats.go:83.40,86.58 1 0
motadatagosdk/core/l2cache/dragonfly/pubsub.go:13.86,14.76 1 1
motadatagosdk/core/l2cache/dragonfly/pubsub.go:14.76,16.3 1 1
motadatagosdk/core/l2cache/dragonfly/pubsub.go:28.82,29.18 1 1
motadatagosdk/core/l2cache/dragonfly/pubsub.go:29.18,31.3 1 1
motadatagosdk/core/l2cache/dragonfly/pubsub.go:32.2,32.42 1 1
motadatagosdk/core/l2cache/dragonfly/pubsub.go:38.83,39.18 1 1
motadatagosdk/core/l2cache/dragonfly/pubsub.go:39.18,41.3 1 1
motadatagosdk/core/l2cache/dragonfly/pubsub.go:42.2,42.43 1 1
motadatagosdk/core/l2cache/dragonfly/raw.go:20.67,21.70 1 1
motadatagosdk/core/l2cache/dragonfly/raw.go:21.70,23.3 1 1
motadatagosdk/core/l2cache/dragonfly/raw.go:33.40,35.2 1 1
motadatagosdk/core/l2cache/dragonfly/scan.go:34.95,35.46 1 1
motadatagosdk/core/l2cache/dragonfly/scan.go:35.46,36.19 1 1
motadatagosdk/core/l2cache/dragonfly/scan.go:36.19,39.4 2 1
motadatagosdk/core/l2cache/dragonfly/scan.go:40.3,42.7 3 1
motadatagosdk/core/l2cache/dragonfly/scan.go:42.7,43.36 1 1
motadatagosdk/core/l2cache/dragonfly/scan.go:43.36,46.5 2 1
motadatagosdk/core/l2cache/dragonfly/scan.go:47.4,49.75 3 1
motadatagosdk/core/l2cache/dragonfly/scan.go:49.75,51.17 2 1
motadatagosdk/core/l2cache/dragonfly/scan.go:51.17,53.6 1 0
motadatagosdk/core/l2cache/dragonfly/scan.go:54.5,56.15 3 1
motadatagosdk/core/l2cache/dragonfly/scan.go:58.4,59.18 2 1
motadatagosdk/core/l2cache/dragonfly/scan.go:59.18,62.5 2 0
motadatagosdk/core/l2cache/dragonfly/scan.go:63.4,63.27 1 1
motadatagosdk/core/l2cache/dragonfly/scan.go:63.27,64.23 1 1
motadatagosdk/core/l2cache/dragonfly/scan.go:64.23,66.6 1 1
motadatagosdk/core/l2cache/dragonfly/scan.go:68.4,69.19 2 1
motadatagosdk/core/l2cache/dragonfly/scan.go:69.19,71.5 1 1
motadatagosdk/core/l2cache/dragonfly/scan.go:80.105,81.50 1 1
motadatagosdk/core/l2cache/dragonfly/scan.go:81.50,82.19 1 1
motadatagosdk/core/l2cache/dragonfly/scan.go:82.19,85.4 2 1
motadatagosdk/core/l2cache/dragonfly/scan.go:86.3,88.7 3 1
motadatagosdk/core/l2cache/dragonfly/scan.go:88.7,89.36 1 1
motadatagosdk/core/l2cache/dragonfly/scan.go:89.36,92.5 2 0
motadatagosdk/core/l2cache/dragonfly/scan.go:93.4,95.76 3 1
motadatagosdk/core/l2cache/dragonfly/scan.go:95.76,97.17 2 1
motadatagosdk/core/l2cache/dragonfly/scan.go:97.17,99.6 1 0
motadatagosdk/core/l2cache/dragonfly/scan.go:100.5,102.15 3 1
motadatagosdk/core/l2cache/dragonfly/scan.go:104.4,105.18 2 1
motadatagosdk/core/l2cache/dragonfly/scan.go:105.18,108.5 2 0
motadatagosdk/core/l2cache/dragonfly/scan.go:109.4,109.41 1 1
motadatagosdk/core/l2cache/dragonfly/scan.go:109.41,110.68 1 1
motadatagosdk/core/l2cache/dragonfly/scan.go:110.68,112.6 1 0
motadatagosdk/core/l2cache/dragonfly/scan.go:114.4,115.19 2 1
motadatagosdk/core/l2cache/dragonfly/scan.go:115.19,117.5 1 1
motadatagosdk/core/l2cache/dragonfly/script.go:10.99,11.71 1 1
motadatagosdk/core/l2cache/dragonfly/script.go:11.71,13.3 1 1
motadatagosdk/core/l2cache/dragonfly/script.go:20.99,21.74 1 1
motadatagosdk/core/l2cache/dragonfly/script.go:21.74,23.3 1 1
motadatagosdk/core/l2cache/dragonfly/script.go:29.80,30.81 1 1
motadatagosdk/core/l2cache/dragonfly/script.go:30.81,32.3 1 1
motadatagosdk/core/l2cache/dragonfly/script.go:38.83,39.83 1 1
motadatagosdk/core/l2cache/dragonfly/script.go:39.83,41.3 1 1
motadatagosdk/core/l2cache/dragonfly/set.go:10.86,11.73 1 1
motadatagosdk/core/l2cache/dragonfly/set.go:11.73,13.3 1 1
motadatagosdk/core/l2cache/dragonfly/set.go:19.86,20.73 1 1
motadatagosdk/core/l2cache/dragonfly/set.go:20.73,22.3 1 1
motadatagosdk/core/l2cache/dragonfly/set.go:27.77,28.80 1 1
motadatagosdk/core/l2cache/dragonfly/set.go:28.80,30.3 1 1
motadatagosdk/core/l2cache/dragonfly/set.go:35.86,36.77 1 1
motadatagosdk/core/l2cache/dragonfly/set.go:36.77,38.3 1 1
motadatagosdk/core/l2cache/dragonfly/set.go:43.71,44.74 1 1
motadatagosdk/core/l2cache/dragonfly/set.go:44.74,46.3 1 1
motadatagosdk/core/l2cache/dragonfly/set.go:52.79,53.78 1 1
motadatagosdk/core/l2cache/dragonfly/set.go:53.78,55.3 1 1
motadatagosdk/core/l2cache/dragonfly/set.go:60.79,61.78 1 1
motadatagosdk/core/l2cache/dragonfly/set.go:61.78,63.3 1 1
motadatagosdk/core/l2cache/dragonfly/set.go:68.78,69.77 1 1
motadatagosdk/core/l2cache/dragonfly/set.go:69.77,71.3 1 1
motadatagosdk/core/l2cache/dragonfly/set.go:78.94,79.80 1 1
motadatagosdk/core/l2cache/dragonfly/set.go:79.80,81.3 1 1
motadatagosdk/core/l2cache/dragonfly/set.go:87.78,88.81 1 1
motadatagosdk/core/l2cache/dragonfly/set.go:88.81,90.3 1 1
motadatagosdk/core/l2cache/dragonfly/set.go:96.71,97.74 1 1
motadatagosdk/core/l2cache/dragonfly/set.go:97.74,99.3 1 1
motadatagosdk/core/l2cache/dragonfly/sortedset.go:25.33,27.23 2 1
motadatagosdk/core/l2cache/dragonfly/sortedset.go:27.23,29.3 1 1
motadatagosdk/core/l2cache/dragonfly/sortedset.go:30.2,30.12 1 1
motadatagosdk/core/l2cache/dragonfly/sortedset.go:36.84,37.73 1 1
motadatagosdk/core/l2cache/dragonfly/sortedset.go:37.73,39.3 1 1
motadatagosdk/core/l2cache/dragonfly/sortedset.go:45.86,46.75 1 1
motadatagosdk/core/l2cache/dragonfly/sortedset.go:46.75,48.3 1 1
motadatagosdk/core/l2cache/dragonfly/sortedset.go:54.86,55.75 1 1
motadatagosdk/core/l2cache/dragonfly/sortedset.go:55.75,57.3 1 1
motadatagosdk/core/l2cache/dragonfly/sortedset.go:63.109,64.78 1 1
motadatagosdk/core/l2cache/dragonfly/sortedset.go:64.78,66.3 1 1
motadatagosdk/core/l2cache/dragonfly/sortedset.go:71.94,72.78 1 1
motadatagosdk/core/l2cache/dragonfly/sortedset.go:72.78,74.3 1 1
motadatagosdk/core/l2cache/dragonfly/sortedset.go:80.99,82.85 2 1
motadatagosdk/core/l2cache/dragonfly/sortedset.go:82.85,84.15 2 1
motadatagosdk/core/l2cache/dragonfly/sortedset.go:84.15,86.4 1 0
motadatagosdk/core/l2cache/dragonfly/sortedset.go:87.3,88.13 2 1
motadatagosdk/core/l2cache/dragonfly/sortedset.go:90.2,90.16 1 1
motadatagosdk/core/l2cache/dragonfly/sortedset.go:90.16,92.3 1 0
motadatagosdk/core/l2cache/dragonfly/sortedset.go:93.2,94.24 2 1
motadatagosdk/core/l2cache/dragonfly/sortedset.go:94.24,96.3 1 1
motadatagosdk/core/l2cache/dragonfly/sortedset.go:97.2,97.17 1 1
motadatagosdk/core/l2cache/dragonfly/sortedset.go:103.97,104.81 1 1
motadatagosdk/core/l2cache/dragonfly/sortedset.go:104.81,106.3 1 1
motadatagosdk/core/l2cache/dragonfly/sortedset.go:113.121,120.85 2 1
motadatagosdk/core/l2cache/dragonfly/sortedset.go:120.85,122.3 1 1
motadatagosdk/core/l2cache/dragonfly/sortedset.go:128.79,129.74 1 1
motadatagosdk/core/l2cache/dragonfly/sortedset.go:129.74,131.3 1 1
motadatagosdk/core/l2cache/dragonfly/sortedset.go:137.82,138.77 1 1
motadatagosdk/core/l2cache/dragonfly/sortedset.go:138.77,140.3 1 1
motadatagosdk/core/l2cache/dragonfly/sortedset.go:146.82,147.77 1 1
motadatagosdk/core/l2cache/dragonfly/sortedset.go:147.77,149.3 1 1
motadatagosdk/core/l2cache/dragonfly/sortedset.go:155.86,156.73 1 1
motadatagosdk/core/l2cache/dragonfly/sortedset.go:156.73,158.3 1 1
motadatagosdk/core/l2cache/dragonfly/sortedset.go:163.71,164.74 1 1
motadatagosdk/core/l2cache/dragonfly/sortedset.go:164.74,166.3 1 1
motadatagosdk/core/l2cache/dragonfly/sortedset.go:172.90,173.75 1 1
motadatagosdk/core/l2cache/dragonfly/sortedset.go:173.75,175.3 1 1
motadatagosdk/core/l2cache/dragonfly/sortedset.go:181.69,183.76 2 1
motadatagosdk/core/l2cache/dragonfly/sortedset.go:183.76,185.15 2 1
motadatagosdk/core/l2cache/dragonfly/sortedset.go:185.15,187.4 1 0
motadatagosdk/core/l2cache/dragonfly/sortedset.go:188.3,189.13 2 1
motadatagosdk/core/l2cache/dragonfly/sortedset.go:191.2,191.16 1 1
motadatagosdk/core/l2cache/dragonfly/sortedset.go:191.16,193.3 1 0
motadatagosdk/core/l2cache/dragonfly/sortedset.go:194.2,194.19 1 1
motadatagosdk/core/l2cache/dragonfly/sortedset.go:194.19,196.3 1 1
motadatagosdk/core/l2cache/dragonfly/sortedset.go:197.2,197.59 1 1
motadatagosdk/core/l2cache/dragonfly/sortedset.go:203.69,205.76 2 1
motadatagosdk/core/l2cache/dragonfly/sortedset.go:205.76,207.15 2 1
motadatagosdk/core/l2cache/dragonfly/sortedset.go:207.15,209.4 1 0
motadatagosdk/core/l2cache/dragonfly/sortedset.go:210.3,211.13 2 1
motadatagosdk/core/l2cache/dragonfly/sortedset.go:213.2,213.16 1 1
motadatagosdk/core/l2cache/dragonfly/sortedset.go:213.16,215.3 1 0
motadatagosdk/core/l2cache/dragonfly/sortedset.go:216.2,216.19 1 1
motadatagosdk/core/l2cache/dragonfly/sortedset.go:216.19,218.3 1 0
motadatagosdk/core/l2cache/dragonfly/sortedset.go:219.2,219.59 1 1
motadatagosdk/core/l2cache/dragonfly/sortedset.go:226.36,227.9 1 1
motadatagosdk/core/l2cache/dragonfly/sortedset.go:228.25,229.16 1 1
motadatagosdk/core/l2cache/dragonfly/sortedset.go:230.25,231.16 1 1
motadatagosdk/core/l2cache/dragonfly/sortedset.go:232.10,233.45 1 1
motadatagosdk/core/l2cache/dragonfly/string.go:12.70,13.73 1 1
motadatagosdk/core/l2cache/dragonfly/string.go:13.73,15.3 1 1
motadatagosdk/core/l2cache/dragonfly/string.go:21.86,22.18 1 1
motadatagosdk/core/l2cache/dragonfly/string.go:22.18,24.3 1 1
motadatagosdk/core/l2cache/dragonfly/string.go:25.2,25.72 1 1
motadatagosdk/core/l2cache/dragonfly/string.go:25.72,27.3 1 1
motadatagosdk/core/l2cache/dragonfly/string.go:33.96,34.73 1 1
motadatagosdk/core/l2cache/dragonfly/string.go:34.73,36.3 1 1
motadatagosdk/core/l2cache/dragonfly/string.go:42.96,43.73 1 1
motadatagosdk/core/l2cache/dragonfly/string.go:43.73,45.3 1 1
motadatagosdk/core/l2cache/dragonfly/string.go:51.80,52.76 1 1
motadatagosdk/core/l2cache/dragonfly/string.go:52.76,54.3 1 1
motadatagosdk/core/l2cache/dragonfly/string.go:60.91,61.75 1 1
motadatagosdk/core/l2cache/dragonfly/string.go:61.75,63.3 1 1
motadatagosdk/core/l2cache/dragonfly/string.go:68.73,69.76 1 1
motadatagosdk/core/l2cache/dragonfly/string.go:69.76,71.3 1 1
motadatagosdk/core/l2cache/dragonfly/string.go:77.74,78.73 1 1
motadatagosdk/core/l2cache/dragonfly/string.go:78.73,80.3 1 1
motadatagosdk/core/l2cache/dragonfly/string.go:86.63,87.18 1 1
motadatagosdk/core/l2cache/dragonfly/string.go:87.18,89.3 1 1
motadatagosdk/core/l2cache/dragonfly/string.go:90.2,91.23 2 1
motadatagosdk/core/l2cache/dragonfly/string.go:91.23,93.3 1 1
motadatagosdk/core/l2cache/dragonfly/string.go:94.2,94.73 1 1
motadatagosdk/core/l2cache/dragonfly/string.go:94.73,96.3 1 1
motadatagosdk/core/l2cache/dragonfly/string.go:101.73,102.72 1 1
motadatagosdk/core/l2cache/dragonfly/string.go:102.72,104.3 1 1
motadatagosdk/core/l2cache/dragonfly/string.go:109.76,110.75 1 1
motadatagosdk/core/l2cache/dragonfly/string.go:110.75,112.3 1 1
motadatagosdk/core/l2cache/dragonfly/string.go:117.90,118.74 1 1
motadatagosdk/core/l2cache/dragonfly/string.go:118.74,120.3 1 1
motadatagosdk/core/l2cache/dragonfly/string.go:125.87,126.76 1 1
motadatagosdk/core/l2cache/dragonfly/string.go:126.76,128.3 1 1
motadatagosdk/core/l2cache/dragonfly/string.go:134.72,135.75 1 1
motadatagosdk/core/l2cache/dragonfly/string.go:135.75,137.3 1 1
motadatagosdk/core/l2cache/dragonfly/string.go:144.77,145.80 1 1
motadatagosdk/core/l2cache/dragonfly/string.go:145.80,147.3 1 1
motadatagosdk/core/l2cache/dragonfly/string.go:153.70,154.73 1 1
motadatagosdk/core/l2cache/dragonfly/string.go:154.73,156.3 1 1
motadatagosdk/core/l2cache/dragonfly/string.go:162.81,163.75 1 1
motadatagosdk/core/l2cache/dragonfly/string.go:163.75,165.3 1 1
motadatagosdk/core/l2cache/dragonfly/string.go:171.70,172.73 1 1
motadatagosdk/core/l2cache/dragonfly/string.go:172.73,174.3 1 1
motadatagosdk/core/l2cache/dragonfly/string.go:180.81,181.75 1 1
motadatagosdk/core/l2cache/dragonfly/string.go:181.75,183.3 1 1
motadatagosdk/core/l2cache/dragonfly/tls.go:12.44,14.2 1 1
motadatagosdk/core/l2cache/dragonfly/tls.go:20.71,22.31 2 1
motadatagosdk/core/l2cache/dragonfly/tls.go:22.31,24.3 1 0
motadatagosdk/core/l2cache/dragonfly/tls.go:25.2,25.24 1 1
motadatagosdk/core/l2cache/dragonfly/tls.go:25.24,27.3 1 0
motadatagosdk/core/l2cache/dragonfly/tls.go:28.2,28.40 1 1
motadatagosdk/core/l2cache/dragonfly/tls.go:28.40,30.3 1 1
motadatagosdk/core/l2cache/dragonfly/tls.go:31.2,31.18 1 0
