{"meta": {"format": 3, "version": "7.13.5", "timestamp": "2026-04-28T12:23:39.155478", "branch_coverage": true, "show_contexts": false}, "files": {"src/motadata_py_sdk/resourcepool/__init__.py": {"executed_lines": [31, 33, 34, 35, 42, 43, 45, 47], "summary": {"covered_lines": 8, "num_statements": 8, "percent_covered": 100.0, "percent_covered_display": "100", "missing_lines": 0, "excluded_lines": 0, "percent_statements_covered": 100.0, "percent_statements_covered_display": "100", "num_branches": 0, "num_partial_branches": 0, "covered_branches": 0, "missing_branches": 0, "percent_branches_covered": 100.0, "percent_branches_covered_display": "100"}, "missing_lines": [], "excluded_lines": [], "executed_branches": [], "missing_branches": [], "functions": {"": {"executed_lines": [31, 33, 34, 35, 42, 43, 45, 47], "summary": {"covered_lines": 8, "num_statements": 8, "percent_covered": 100.0, "percent_covered_display": "100", "missing_lines": 0, "excluded_lines": 0, "percent_statements_covered": 100.0, "percent_statements_covered_display": "100", "num_branches": 0, "num_partial_branches": 0, "covered_branches": 0, "missing_branches": 0, "percent_branches_covered": 100.0, "percent_branches_covered_display": "100"}, "missing_lines": [], "excluded_lines": [], "start_line": 1, "executed_branches": [], "missing_branches": []}}, "classes": {"": {"executed_lines": [31, 33, 34, 35, 42, 43, 45, 47], "summary": {"covered_lines": 8, "num_statements": 8, "percent_covered": 100.0, "percent_covered_display": "100", "missing_lines": 0, "excluded_lines": 0, "percent_statements_covered": 100.0, "percent_statements_covered_display": "100", "num_branches": 0, "num_partial_branches": 0, "covered_branches": 0, "missing_branches": 0, "percent_branches_covered": 100.0, "percent_branches_covered_display": "100"}, "missing_lines": [], "excluded_lines": [], "start_line": 1, "executed_branches": [], "missing_branches": []}}}, "src/motadata_py_sdk/resourcepool/_acquired.py": {"executed_lines": [7, 9, 10, 15, 18, 46, 48, 53, 54, 55, 57, 68, 69, 71, 86, 87, 88, 90], "summary": {"covered_lines": 18, "num_statements": 18, "percent_covered": 95.0, "percent_covered_display": "95", "missing_lines": 0, "excluded_lines": 2, "percent_statements_covered": 100.0, "percent_statements_covered_display": "100", "num_branches": 2, "num_partial_branches": 1, "covered_branches": 1, "missing_branches": 1, "percent_branches_covered": 50.0, "percent_branches_covered_display": "50"}, "missing_lines": [], "excluded_lines": [12, 13], "executed_branches": [[86, 87]], "missing_branches": [[86, -71]], "functions": {"AcquiredResource.__init__": {"executed_lines": [53, 54, 55], "summary": {"covered_lines": 3, "num_statements": 3, "percent_covered": 100.0, "percent_covered_display": "100", "missing_lines": 0, "excluded_lines": 0, "percent_statements_covered": 100.0, "percent_statements_covered_display": "100", "num_branches": 0, "num_partial_branches": 0, "covered_branches": 0, "missing_branches": 0, "percent_branches_covered": 100.0, "percent_branches_covered_display": "100"}, "missing_lines": [], "excluded_lines": [], "start_line": 48, "executed_branches": [], "missing_branches": []}, "AcquiredResource.__aenter__": {"executed_lines": [68, 69], "summary": {"covered_lines": 2, "num_statements": 2, "percent_covered": 100.0, "percent_covered_display": "100", "missing_lines": 0, "excluded_lines": 0, "percent_statements_covered": 100.0, "percent_statements_covered_display": "100", "num_branches": 0, "num_partial_branches": 0, "covered_branches": 0, "missing_branches": 0, "percent_branches_covered": 100.0, "percent_branches_covered_display": "100"}, "missing_lines": [], "excluded_lines": [], "start_line": 57, "executed_branches": [], "missing_branches": []}, "AcquiredResource.__aexit__": {"executed_lines": [86, 87, 88, 90], "summary": {"covered_lines": 4, "num_statements": 4, "percent_covered": 83.33333333333333, "percent_covered_display": "83", "missing_lines": 0, "excluded_lines": 0, "percent_statements_covered": 100.0, "percent_statements_covered_display": "100", "num_branches": 2, "num_partial_branches": 1, "covered_branches": 1, "missing_branches": 1, "percent_branches_covered": 50.0, "percent_branches_covered_display": "50"}, "missing_lines": [], "excluded_lines": [], "start_line": 71, "executed_branches": [[86, 87]], "missing_branches": [[86, -71]]}, "": {"executed_lines": [7, 9, 10, 15, 18, 46, 48, 57, 71], "summary": {"covered_lines": 9, "num_statements": 9, "percent_covered": 100.0, "percent_covered_display": "100", "missing_lines": 0, "excluded_lines": 2, "percent_statements_covered": 100.0, "percent_statements_covered_display": "100", "num_branches": 0, "num_partial_branches": 0, "covered_branches": 0, "missing_branches": 0, "percent_branches_covered": 100.0, "percent_branches_covered_display": "100"}, "missing_lines": [], "excluded_lines": [12, 13], "start_line": 1, "executed_branches": [], "missing_branches": []}}, "classes": {"AcquiredResource": {"executed_lines": [53, 54, 55, 68, 69, 86, 87, 88, 90], "summary": {"covered_lines": 9, "num_statements": 9, "percent_covered": 90.9090909090909, "percent_covered_display": "91", "missing_lines": 0, "excluded_lines": 0, "percent_statements_covered": 100.0, "percent_statements_covered_display": "100", "num_branches": 2, "num_partial_branches": 1, "covered_branches": 1, "missing_branches": 1, "percent_branches_covered": 50.0, "percent_branches_covered_display": "50"}, "missing_lines": [], "excluded_lines": [], "start_line": 18, "executed_branches": [[86, 87]], "missing_branches": [[86, -71]]}, "": {"executed_lines": [7, 9, 10, 15, 18, 46, 48, 57, 71], "summary": {"covered_lines": 9, "num_statements": 9, "percent_covered": 100.0, "percent_covered_display": "100", "missing_lines": 0, "excluded_lines": 2, "percent_statements_covered": 100.0, "percent_statements_covered_display": "100", "num_branches": 0, "num_partial_branches": 0, "covered_branches": 0, "missing_branches": 0, "percent_branches_covered": 100.0, "percent_branches_covered_display": "100"}, "missing_lines": [], "excluded_lines": [12, 13], "start_line": 1, "executed_branches": [], "missing_branches": []}}}, "src/motadata_py_sdk/resourcepool/_config.py": {"executed_lines": [11, 13, 14, 15, 17, 21, 22, 29, 30, 36, 37, 45, 46, 83, 84, 85, 86, 87], "summary": {"covered_lines": 18, "num_statements": 18, "percent_covered": 100.0, "percent_covered_display": "100", "missing_lines": 0, "excluded_lines": 0, "percent_statements_covered": 100.0, "percent_statements_covered_display": "100", "num_branches": 0, "num_partial_branches": 0, "covered_branches": 0, "missing_branches": 0, "percent_branches_covered": 100.0, "percent_branches_covered_display": "100"}, "missing_lines": [], "excluded_lines": [], "executed_branches": [], "missing_branches": [], "functions": {"": {"executed_lines": [11, 13, 14, 15, 17, 21, 22, 29, 30, 36, 37, 45, 46, 83, 84, 85, 86, 87], "summary": {"covered_lines": 18, "num_statements": 18, "percent_covered": 100.0, "percent_covered_display": "100", "missing_lines": 0, "excluded_lines": 0, "percent_statements_covered": 100.0, "percent_statements_covered_display": "100", "num_branches": 0, "num_partial_branches": 0, "covered_branches": 0, "missing_branches": 0, "percent_branches_covered": 100.0, "percent_branches_covered_display": "100"}, "missing_lines": [], "excluded_lines": [], "start_line": 1, "executed_branches": [], "missing_branches": []}}, "classes": {"PoolConfig": {"executed_lines": [], "summary": {"covered_lines": 0, "num_statements": 0, "percent_covered": 100.0, "percent_covered_display": "100", "missing_lines": 0, "excluded_lines": 0, "percent_statements_covered": 100.0, "percent_statements_covered_display": "100", "num_branches": 0, "num_partial_branches": 0, "covered_branches": 0, "missing_branches": 0, "percent_branches_covered": 100.0, "percent_branches_covered_display": "100"}, "missing_lines": [], "excluded_lines": [], "start_line": 46, "executed_branches": [], "missing_branches": []}, "": {"executed_lines": [11, 13, 14, 15, 17, 21, 22, 29, 30, 36, 37, 45, 46, 83, 84, 85, 86, 87], "summary": {"covered_lines": 18, "num_statements": 18, "percent_covered": 100.0, "percent_covered_display": "100", "missing_lines": 0, "excluded_lines": 0, "percent_statements_covered": 100.0, "percent_statements_covered_display": "100", "num_branches": 0, "num_partial_branches": 0, "covered_branches": 0, "missing_branches": 0, "percent_branches_covered": 100.0, "percent_branches_covered_display": "100"}, "missing_lines": [], "excluded_lines": [], "start_line": 1, "executed_branches": [], "missing_branches": []}}}, "src/motadata_py_sdk/resourcepool/_errors.py": {"executed_lines": [12, 15, 43, 56, 77, 95], "summary": {"covered_lines": 6, "num_statements": 6, "percent_covered": 100.0, "percent_covered_display": "100", "missing_lines": 0, "excluded_lines": 0, "percent_statements_covered": 100.0, "percent_statements_covered_display": "100", "num_branches": 0, "num_partial_branches": 0, "covered_branches": 0, "missing_branches": 0, "percent_branches_covered": 100.0, "percent_branches_covered_display": "100"}, "missing_lines": [], "excluded_lines": [], "executed_branches": [], "missing_branches": [], "functions": {"": {"executed_lines": [12, 15, 43, 56, 77, 95], "summary": {"covered_lines": 6, "num_statements": 6, "percent_covered": 100.0, "percent_covered_display": "100", "missing_lines": 0, "excluded_lines": 0, "percent_statements_covered": 100.0, "percent_statements_covered_display": "100", "num_branches": 0, "num_partial_branches": 0, "covered_branches": 0, "missing_branches": 0, "percent_branches_covered": 100.0, "percent_branches_covered_display": "100"}, "missing_lines": [], "excluded_lines": [], "start_line": 1, "executed_branches": [], "missing_branches": []}}, "classes": {"PoolError": {"executed_lines": [], "summary": {"covered_lines": 0, "num_statements": 0, "percent_covered": 100.0, "percent_covered_display": "100", "missing_lines": 0, "excluded_lines": 0, "percent_statements_covered": 100.0, "percent_statements_covered_display": "100", "num_branches": 0, "num_partial_branches": 0, "covered_branches": 0, "missing_branches": 0, "percent_branches_covered": 100.0, "percent_branches_covered_display": "100"}, "missing_lines": [], "excluded_lines": [], "start_line": 15, "executed_branches": [], "missing_branches": []}, "PoolClosedError": {"executed_lines": [], "summary": {"covered_lines": 0, "num_statements": 0, "percent_covered": 100.0, "percent_covered_display": "100", "missing_lines": 0, "excluded_lines": 0, "percent_statements_covered": 100.0, "percent_statements_covered_display": "100", "num_branches": 0, "num_partial_branches": 0, "covered_branches": 0, "missing_branches": 0, "percent_branches_covered": 100.0, "percent_branches_covered_display": "100"}, "missing_lines": [], "excluded_lines": [], "start_line": 43, "executed_branches": [], "missing_branches": []}, "PoolEmptyError": {"executed_lines": [], "summary": {"covered_lines": 0, "num_statements": 0, "percent_covered": 100.0, "percent_covered_display": "100", "missing_lines": 0, "excluded_lines": 0, "percent_statements_covered": 100.0, "percent_statements_covered_display": "100", "num_branches": 0, "num_partial_branches": 0, "covered_branches": 0, "missing_branches": 0, "percent_branches_covered": 100.0, "percent_branches_covered_display": "100"}, "missing_lines": [], "excluded_lines": [], "start_line": 56, "executed_branches": [], "missing_branches": []}, "ConfigError": {"executed_lines": [], "summary": {"covered_lines": 0, "num_statements": 0, "percent_covered": 100.0, "percent_covered_display": "100", "missing_lines": 0, "excluded_lines": 0, "percent_statements_covered": 100.0, "percent_statements_covered_display": "100", "num_branches": 0, "num_partial_branches": 0, "covered_branches": 0, "missing_branches": 0, "percent_branches_covered": 100.0, "percent_branches_covered_display": "100"}, "missing_lines": [], "excluded_lines": [], "start_line": 77, "executed_branches": [], "missing_branches": []}, "ResourceCreationError": {"executed_lines": [], "summary": {"covered_lines": 0, "num_statements": 0, "percent_covered": 100.0, "percent_covered_display": "100", "missing_lines": 0, "excluded_lines": 0, "percent_statements_covered": 100.0, "percent_statements_covered_display": "100", "num_branches": 0, "num_partial_branches": 0, "covered_branches": 0, "missing_branches": 0, "percent_branches_covered": 100.0, "percent_branches_covered_display": "100"}, "missing_lines": [], "excluded_lines": [], "start_line": 95, "executed_branches": [], "missing_branches": []}, "": {"executed_lines": [12, 15, 43, 56, 77, 95], "summary": {"covered_lines": 6, "num_statements": 6, "percent_covered": 100.0, "percent_covered_display": "100", "missing_lines": 0, "excluded_lines": 0, "percent_statements_covered": 100.0, "percent_statements_covered_display": "100", "num_branches": 0, "num_partial_branches": 0, "covered_branches": 0, "missing_branches": 0, "percent_branches_covered": 100.0, "percent_branches_covered_display": "100"}, "missing_lines": [], "excluded_lines": [], "start_line": 1, "executed_branches": [], "missing_branches": []}}}, "src/motadata_py_sdk/resourcepool/_pool.py": {"executed_lines": [23, 25, 26, 27, 28, 29, 30, 31, 33, 34, 35, 41, 46, 48, 51, 99, 115, 120, 121, 126, 127, 129, 130, 131, 132, 133, 134, 135, 136, 137, 138, 139, 140, 143, 151, 176, 178, 204, 207, 230, 231, 232, 233, 240, 245, 246, 248, 249, 250, 251, 254, 255, 256, 258, 265, 297, 298, 299, 300, 301, 302, 303, 305, 306, 310, 311, 312, 313, 315, 316, 317, 318, 319, 320, 321, 322, 324, 325, 326, 327, 328, 333, 361, 362, 364, 365, 366, 369, 370, 371, 372, 373, 374, 375, 376, 378, 379, 380, 381, 382, 384, 385, 386, 387, 389, 399, 400, 401, 403, 404, 405, 406, 407, 409, 411, 416, 417, 418, 422, 435, 445, 450, 452, 462, 467, 475, 476, 478, 479, 480, 481, 482, 483, 484, 491, 492, 497, 498, 499, 500, 501, 504, 505, 507, 510, 511, 512, 514, 515, 516, 517, 518, 520, 521, 522, 523, 525, 530, 531, 532, 533, 534, 537, 542, 543, 545, 547, 548, 550, 551, 552, 553, 557, 562, 563, 565, 566, 568, 570, 575, 576, 577, 578, 579, 580, 582, 583, 584], "summary": {"covered_lines": 188, "num_statements": 199, "percent_covered": 90.94339622641509, "percent_covered_display": "91", "missing_lines": 11, "excluded_lines": 4, "percent_statements_covered": 94.47236180904522, "percent_statements_covered_display": "94", "num_branches": 66, "num_partial_branches": 11, "covered_branches": 53, "missing_branches": 13, "percent_branches_covered": 80.3030303030303, "percent_branches_covered_display": "80"}, "missing_lines": [241, 242, 243, 390, 392, 393, 394, 395, 396, 549, 564], "excluded_lines": [43, 44, 122, 123], "executed_branches": [[126, 127], [126, 129], [230, 231], [230, 232], [232, 233], [232, 240], [240, 245], [245, 246], [245, 258], [297, 298], [297, 310], [300, 301], [302, 303], [310, 311], [310, 324], [317, 318], [319, 320], [326, 327], [362, 364], [362, 365], [369, 370], [369, 399], [373, 374], [373, 389], [378, 379], [378, 381], [379, 380], [381, 382], [384, 385], [384, 399], [403, 404], [403, 409], [406, 407], [417, -411], [417, 418], [475, 476], [475, 478], [491, 492], [491, 497], [497, 498], [497, 504], [514, 515], [531, 532], [531, 533], [543, 545], [543, 547], [563, 565], [565, 566], [565, 568], [576, 577], [576, 578], [579, 580], [579, 582]], "missing_branches": [[240, 241], [300, 302], [302, 305], [317, 319], [319, 321], [326, 328], [379, 378], [381, 384], [392, 393], [392, 396], [406, 403], [514, 518], [563, 564]], "functions": {"Pool.__init__": {"executed_lines": [120, 121, 126, 127, 129, 130, 131, 132, 133, 134, 135, 136, 137, 138, 139, 140, 143], "summary": {"covered_lines": 17, "num_statements": 17, "percent_covered": 100.0, "percent_covered_display": "100", "missing_lines": 0, "excluded_lines": 2, "percent_statements_covered": 100.0, "percent_statements_covered_display": "100", "num_branches": 2, "num_partial_branches": 0, "covered_branches": 2, "missing_branches": 0, "percent_branches_covered": 100.0, "percent_branches_covered_display": "100"}, "missing_lines": [], "excluded_lines": [122, 123], "start_line": 115, "executed_branches": [[126, 127], [126, 129]], "missing_branches": []}, "Pool.acquire": {"executed_lines": [176], "summary": {"covered_lines": 1, "num_statements": 1, "percent_covered": 100.0, "percent_covered_display": "100", "missing_lines": 0, "excluded_lines": 0, "percent_statements_covered": 100.0, "percent_statements_covered_display": "100", "num_branches": 0, "num_partial_branches": 0, "covered_branches": 0, "missing_branches": 0, "percent_branches_covered": 100.0, "percent_branches_covered_display": "100"}, "missing_lines": [], "excluded_lines": [], "start_line": 151, "executed_branches": [], "missing_branches": []}, "Pool.acquire_resource": {"executed_lines": [204], "summary": {"covered_lines": 1, "num_statements": 1, "percent_covered": 100.0, "percent_covered_display": "100", "missing_lines": 0, "excluded_lines": 0, "percent_statements_covered": 100.0, "percent_statements_covered_display": "100", "num_branches": 0, "num_partial_branches": 0, "covered_branches": 0, "missing_branches": 0, "percent_branches_covered": 100.0, "percent_branches_covered_display": "100"}, "missing_lines": [], "excluded_lines": [], "start_line": 178, "executed_branches": [], "missing_branches": []}, "Pool.try_acquire": {"executed_lines": [230, 231, 232, 233, 240, 245, 246, 248, 249, 250, 251, 254, 255, 256, 258], "summary": {"covered_lines": 15, "num_statements": 18, "percent_covered": 84.61538461538461, "percent_covered_display": "85", "missing_lines": 3, "excluded_lines": 0, "percent_statements_covered": 83.33333333333333, "percent_statements_covered_display": "83", "num_branches": 8, "num_partial_branches": 1, "covered_branches": 7, "missing_branches": 1, "percent_branches_covered": 87.5, "percent_branches_covered_display": "88"}, "missing_lines": [241, 242, 243], "excluded_lines": [], "start_line": 207, "executed_branches": [[230, 231], [230, 232], [232, 233], [232, 240], [240, 245], [245, 246], [245, 258]], "missing_branches": [[240, 241]]}, "Pool.release": {"executed_lines": [297, 298, 299, 300, 301, 302, 303, 305, 306, 310, 311, 312, 313, 315, 316, 317, 318, 319, 320, 321, 322, 324, 325, 326, 327, 328], "summary": {"covered_lines": 26, "num_statements": 26, "percent_covered": 87.5, "percent_covered_display": "88", "missing_lines": 0, "excluded_lines": 0, "percent_statements_covered": 100.0, "percent_statements_covered_display": "100", "num_branches": 14, "num_partial_branches": 5, "covered_branches": 9, "missing_branches": 5, "percent_branches_covered": 64.28571428571429, "percent_branches_covered_display": "64"}, "missing_lines": [], "excluded_lines": [], "start_line": 265, "executed_branches": [[297, 298], [297, 310], [300, 301], [302, 303], [310, 311], [310, 324], [317, 318], [319, 320], [326, 327]], "missing_branches": [[300, 302], [302, 305], [317, 319], [319, 321], [326, 328]]}, "Pool.aclose": {"executed_lines": [361, 362, 364, 365, 366, 369, 370, 371, 372, 373, 374, 375, 376, 378, 379, 380, 381, 382, 384, 385, 386, 387, 389, 399, 400, 401, 403, 404, 405, 406, 407, 409], "summary": {"covered_lines": 32, "num_statements": 38, "percent_covered": 81.03448275862068, "percent_covered_display": "81", "missing_lines": 6, "excluded_lines": 0, "percent_statements_covered": 84.21052631578948, "percent_statements_covered_display": "84", "num_branches": 20, "num_partial_branches": 3, "covered_branches": 15, "missing_branches": 5, "percent_branches_covered": 75.0, "percent_branches_covered_display": "75"}, "missing_lines": [390, 392, 393, 394, 395, 396], "excluded_lines": [], "start_line": 333, "executed_branches": [[362, 364], [362, 365], [369, 370], [369, 399], [373, 374], [373, 389], [378, 379], [378, 381], [379, 380], [381, 382], [384, 385], [384, 399], [403, 404], [403, 409], [406, 407]], "missing_branches": [[379, 378], [381, 384], [392, 393], [392, 396], [406, 403]]}, "Pool._wait_for_drain": {"executed_lines": [416, 417, 418], "summary": {"covered_lines": 3, "num_statements": 3, "percent_covered": 100.0, "percent_covered_display": "100", "missing_lines": 0, "excluded_lines": 0, "percent_statements_covered": 100.0, "percent_statements_covered_display": "100", "num_branches": 2, "num_partial_branches": 0, "covered_branches": 2, "missing_branches": 0, "percent_branches_covered": 100.0, "percent_branches_covered_display": "100"}, "missing_lines": [], "excluded_lines": [], "start_line": 411, "executed_branches": [[417, -411], [417, 418]], "missing_branches": []}, "Pool.stats": {"executed_lines": [435], "summary": {"covered_lines": 1, "num_statements": 1, "percent_covered": 100.0, "percent_covered_display": "100", "missing_lines": 0, "excluded_lines": 0, "percent_statements_covered": 100.0, "percent_statements_covered_display": "100", "num_branches": 0, "num_partial_branches": 0, "covered_branches": 0, "missing_branches": 0, "percent_branches_covered": 100.0, "percent_branches_covered_display": "100"}, "missing_lines": [], "excluded_lines": [], "start_line": 422, "executed_branches": [], "missing_branches": []}, "Pool.__aenter__": {"executed_lines": [450], "summary": {"covered_lines": 1, "num_statements": 1, "percent_covered": 100.0, "percent_covered_display": "100", "missing_lines": 0, "excluded_lines": 0, "percent_statements_covered": 100.0, "percent_statements_covered_display": "100", "num_branches": 0, "num_partial_branches": 0, "covered_branches": 0, "missing_branches": 0, "percent_branches_covered": 100.0, "percent_branches_covered_display": "100"}, "missing_lines": [], "excluded_lines": [], "start_line": 445, "executed_branches": [], "missing_branches": []}, "Pool.__aexit__": {"executed_lines": [462], "summary": {"covered_lines": 1, "num_statements": 1, "percent_covered": 100.0, "percent_covered_display": "100", "missing_lines": 0, "excluded_lines": 0, "percent_statements_covered": 100.0, "percent_statements_covered_display": "100", "num_branches": 0, "num_partial_branches": 0, "covered_branches": 0, "missing_branches": 0, "percent_branches_covered": 100.0, "percent_branches_covered_display": "100"}, "missing_lines": [], "excluded_lines": [], "start_line": 452, "executed_branches": [], "missing_branches": []}, "Pool._acquire_with_timeout": {"executed_lines": [475, 476, 478, 479, 480, 481, 482, 483, 484, 491, 492, 497, 498, 499, 500, 501, 504, 505, 507, 510, 511, 512, 514, 515, 516, 517, 518, 520, 521, 522, 523], "summary": {"covered_lines": 31, "num_statements": 31, "percent_covered": 97.43589743589743, "percent_covered_display": "97", "missing_lines": 0, "excluded_lines": 0, "percent_statements_covered": 100.0, "percent_statements_covered_display": "100", "num_branches": 8, "num_partial_branches": 1, "covered_branches": 7, "missing_branches": 1, "percent_branches_covered": 87.5, "percent_branches_covered_display": "88"}, "missing_lines": [], "excluded_lines": [], "start_line": 467, "executed_branches": [[475, 476], [475, 478], [491, 492], [491, 497], [497, 498], [497, 504], [514, 515]], "missing_branches": [[514, 518]]}, "Pool._track_outstanding": {"executed_lines": [530, 531, 532, 533, 534], "summary": {"covered_lines": 5, "num_statements": 5, "percent_covered": 100.0, "percent_covered_display": "100", "missing_lines": 0, "excluded_lines": 0, "percent_statements_covered": 100.0, "percent_statements_covered_display": "100", "num_branches": 2, "num_partial_branches": 0, "covered_branches": 2, "missing_branches": 0, "percent_branches_covered": 100.0, "percent_branches_covered_display": "100"}, "missing_lines": [], "excluded_lines": [], "start_line": 525, "executed_branches": [[531, 532], [531, 533]], "missing_branches": []}, "Pool._create_resource_via_hook": {"executed_lines": [542, 543, 545, 547, 548, 550, 551, 552, 553], "summary": {"covered_lines": 9, "num_statements": 10, "percent_covered": 91.66666666666667, "percent_covered_display": "92", "missing_lines": 1, "excluded_lines": 0, "percent_statements_covered": 90.0, "percent_statements_covered_display": "90", "num_branches": 2, "num_partial_branches": 0, "covered_branches": 2, "missing_branches": 0, "percent_branches_covered": 100.0, "percent_branches_covered_display": "100"}, "missing_lines": [549], "excluded_lines": [], "start_line": 537, "executed_branches": [[543, 545], [543, 547]], "missing_branches": []}, "Pool._reset_resource_via_hook": {"executed_lines": [562, 563, 565, 566, 568], "summary": {"covered_lines": 5, "num_statements": 6, "percent_covered": 80.0, "percent_covered_display": "80", "missing_lines": 1, "excluded_lines": 0, "percent_statements_covered": 83.33333333333333, "percent_statements_covered_display": "83", "num_branches": 4, "num_partial_branches": 1, "covered_branches": 3, "missing_branches": 1, "percent_branches_covered": 75.0, "percent_branches_covered_display": "75"}, "missing_lines": [564], "excluded_lines": [], "start_line": 557, "executed_branches": [[563, 565], [565, 566], [565, 568]], "missing_branches": [[563, 564]]}, "Pool._destroy_resource_via_hook": {"executed_lines": [575, 576, 577, 578, 579, 580, 582, 583, 584], "summary": {"covered_lines": 9, "num_statements": 9, "percent_covered": 100.0, "percent_covered_display": "100", "missing_lines": 0, "excluded_lines": 0, "percent_statements_covered": 100.0, "percent_statements_covered_display": "100", "num_branches": 4, "num_partial_branches": 0, "covered_branches": 4, "missing_branches": 0, "percent_branches_covered": 100.0, "percent_branches_covered_display": "100"}, "missing_lines": [], "excluded_lines": [], "start_line": 570, "executed_branches": [[576, 577], [576, 578], [579, 580], [579, 582]], "missing_branches": []}, "": {"executed_lines": [23, 25, 26, 27, 28, 29, 30, 31, 33, 34, 35, 41, 46, 48, 51, 99, 115, 151, 178, 207, 265, 333, 411, 422, 445, 452, 467, 525, 537, 557, 570], "summary": {"covered_lines": 31, "num_statements": 31, "percent_covered": 100.0, "percent_covered_display": "100", "missing_lines": 0, "excluded_lines": 2, "percent_statements_covered": 100.0, "percent_statements_covered_display": "100", "num_branches": 0, "num_partial_branches": 0, "covered_branches": 0, "missing_branches": 0, "percent_branches_covered": 100.0, "percent_branches_covered_display": "100"}, "missing_lines": [], "excluded_lines": [43, 44], "start_line": 1, "executed_branches": [], "missing_branches": []}}, "classes": {"Pool": {"executed_lines": [120, 121, 126, 127, 129, 130, 131, 132, 133, 134, 135, 136, 137, 138, 139, 140, 143, 176, 204, 230, 231, 232, 233, 240, 245, 246, 248, 249, 250, 251, 254, 255, 256, 258, 297, 298, 299, 300, 301, 302, 303, 305, 306, 310, 311, 312, 313, 315, 316, 317, 318, 319, 320, 321, 322, 324, 325, 326, 327, 328, 361, 362, 364, 365, 366, 369, 370, 371, 372, 373, 374, 375, 376, 378, 379, 380, 381, 382, 384, 385, 386, 387, 389, 399, 400, 401, 403, 404, 405, 406, 407, 409, 416, 417, 418, 435, 450, 462, 475, 476, 478, 479, 480, 481, 482, 483, 484, 491, 492, 497, 498, 499, 500, 501, 504, 505, 507, 510, 511, 512, 514, 515, 516, 517, 518, 520, 521, 522, 523, 530, 531, 532, 533, 534, 542, 543, 545, 547, 548, 550, 551, 552, 553, 562, 563, 565, 566, 568, 575, 576, 577, 578, 579, 580, 582, 583, 584], "summary": {"covered_lines": 157, "num_statements": 168, "percent_covered": 89.74358974358974, "percent_covered_display": "90", "missing_lines": 11, "excluded_lines": 2, "percent_statements_covered": 93.45238095238095, "percent_statements_covered_display": "93", "num_branches": 66, "num_partial_branches": 11, "covered_branches": 53, "missing_branches": 13, "percent_branches_covered": 80.3030303030303, "percent_branches_covered_display": "80"}, "missing_lines": [241, 242, 243, 390, 392, 393, 394, 395, 396, 549, 564], "excluded_lines": [122, 123], "start_line": 51, "executed_branches": [[126, 127], [126, 129], [230, 231], [230, 232], [232, 233], [232, 240], [240, 245], [245, 246], [245, 258], [297, 298], [297, 310], [300, 301], [302, 303], [310, 311], [310, 324], [317, 318], [319, 320], [326, 327], [362, 364], [362, 365], [369, 370], [369, 399], [373, 374], [373, 389], [378, 379], [378, 381], [379, 380], [381, 382], [384, 385], [384, 399], [403, 404], [403, 409], [406, 407], [417, -411], [417, 418], [475, 476], [475, 478], [491, 492], [491, 497], [497, 498], [497, 504], [514, 515], [531, 532], [531, 533], [543, 545], [543, 547], [563, 565], [565, 566], [565, 568], [576, 577], [576, 578], [579, 580], [579, 582]], "missing_branches": [[240, 241], [300, 302], [302, 305], [317, 319], [319, 321], [326, 328], [379, 378], [381, 384], [392, 393], [392, 396], [406, 403], [514, 518], [563, 564]]}, "": {"executed_lines": [23, 25, 26, 27, 28, 29, 30, 31, 33, 34, 35, 41, 46, 48, 51, 99, 115, 151, 178, 207, 265, 333, 411, 422, 445, 452, 467, 525, 537, 557, 570], "summary": {"covered_lines": 31, "num_statements": 31, "percent_covered": 100.0, "percent_covered_display": "100", "missing_lines": 0, "excluded_lines": 2, "percent_statements_covered": 100.0, "percent_statements_covered_display": "100", "num_branches": 0, "num_partial_branches": 0, "covered_branches": 0, "missing_branches": 0, "percent_branches_covered": 100.0, "percent_branches_covered_display": "100"}, "missing_lines": [], "excluded_lines": [43, 44], "start_line": 1, "executed_branches": [], "missing_branches": []}}}, "src/motadata_py_sdk/resourcepool/_stats.py": {"executed_lines": [7, 9, 12, 13, 41, 42, 43, 44, 45], "summary": {"covered_lines": 9, "num_statements": 9, "percent_covered": 100.0, "percent_covered_display": "100", "missing_lines": 0, "excluded_lines": 0, "percent_statements_covered": 100.0, "percent_statements_covered_display": "100", "num_branches": 0, "num_partial_branches": 0, "covered_branches": 0, "missing_branches": 0, "percent_branches_covered": 100.0, "percent_branches_covered_display": "100"}, "missing_lines": [], "excluded_lines": [], "executed_branches": [], "missing_branches": [], "functions": {"": {"executed_lines": [7, 9, 12, 13, 41, 42, 43, 44, 45], "summary": {"covered_lines": 9, "num_statements": 9, "percent_covered": 100.0, "percent_covered_display": "100", "missing_lines": 0, "excluded_lines": 0, "percent_statements_covered": 100.0, "percent_statements_covered_display": "100", "num_branches": 0, "num_partial_branches": 0, "covered_branches": 0, "missing_branches": 0, "percent_branches_covered": 100.0, "percent_branches_covered_display": "100"}, "missing_lines": [], "excluded_lines": [], "start_line": 1, "executed_branches": [], "missing_branches": []}}, "classes": {"PoolStats": {"executed_lines": [], "summary": {"covered_lines": 0, "num_statements": 0, "percent_covered": 100.0, "percent_covered_display": "100", "missing_lines": 0, "excluded_lines": 0, "percent_statements_covered": 100.0, "percent_statements_covered_display": "100", "num_branches": 0, "num_partial_branches": 0, "covered_branches": 0, "missing_branches": 0, "percent_branches_covered": 100.0, "percent_branches_covered_display": "100"}, "missing_lines": [], "excluded_lines": [], "start_line": 13, "executed_branches": [], "missing_branches": []}, "": {"executed_lines": [7, 9, 12, 13, 41, 42, 43, 44, 45], "summary": {"covered_lines": 9, "num_statements": 9, "percent_covered": 100.0, "percent_covered_display": "100", "missing_lines": 0, "excluded_lines": 0, "percent_statements_covered": 100.0, "percent_statements_covered_display": "100", "num_branches": 0, "num_partial_branches": 0, "covered_branches": 0, "missing_branches": 0, "percent_branches_covered": 100.0, "percent_branches_covered_display": "100"}, "missing_lines": [], "excluded_lines": [], "start_line": 1, "executed_branches": [], "missing_branches": []}}}}, "totals": {"covered_lines": 247, "num_statements": 258, "percent_covered": 92.33128834355828, "percent_covered_display": "92", "missing_lines": 11, "excluded_lines": 6, "percent_statements_covered": 95.73643410852713, "percent_statements_covered_display": "96", "num_branches": 68, "num_partial_branches": 12, "covered_branches": 54, "missing_branches": 14, "percent_branches_covered": 79.41176470588235, "percent_branches_covered_display": "79"}}